[2026-05-28T22:19:20.233Z] ERROR en [Registro de Usuario POST /registro]:
PrismaClientInitializationError: 
Invalid `prisma.usuarios.create()` invocation in
H:\DataBase\Proyectos\Pagina Web\GroupWalletWeb\Backend\DAL\usuario.dal.js:6:44

  3 
  4 class UsuarioDAL {
  5     static async create(nombre, correo, passwordHash) {
→ 6         const user = await prisma.usuarios.create(
error: Environment variable not found: DATABASE_URL.
  -->  schema.prisma:3
   | 
 2 |   provider = "postgresql"
 3 |   url      = env("DATABASE_URL") // Asegúrate de agregar DATABASE_URL="postgresql://postgres:pass@localhost:5432/groupwallet" a tu archivo .env
   | 

Validation Error Count: 1
    at $n.handleRequestError (H:\DataBase\Proyectos\Pagina Web\GroupWalletWeb\node_modules\@prisma\client\runtime\library.js:121:7615)
    at $n.handleAndLogRequestError (H:\DataBase\Proyectos\Pagina Web\GroupWalletWeb\node_modules\@prisma\client\runtime\library.js:121:6623)
    at $n.request (H:\DataBase\Proyectos\Pagina Web\GroupWalletWeb\node_modules\@prisma\client\runtime\library.js:121:6307)
    at async l (H:\DataBase\Proyectos\Pagina Web\GroupWalletWeb\node_modules\@prisma\client\runtime\library.js:130:9633)
    at async UsuarioDAL.create (H:\DataBase\Proyectos\Pagina Web\GroupWalletWeb\Backend\DAL\usuario.dal.js:6:22)
    at async UsuarioBLL.registrar (H:\DataBase\Proyectos\Pagina Web\GroupWalletWeb\Backend\BLL\usuario.bll.js:10:16)
    at async H:\DataBase\Proyectos\Pagina Web\GroupWalletWeb\Backend\Routes\usuario.routes.js:21:20
=========================================
[2026-05-28T22:38:51.563Z] ERROR en [Registro de Usuario POST /registro]:
PrismaClientKnownRequestError: 
Invalid `prisma.usuarios.create()` invocation in
H:\DataBase\Proyectos\Pagina Web\GroupWalletWeb\Backend\DAL\usuario.dal.js:6:44

  3 
  4 class UsuarioDAL {
  5     static async create(nombre, correo, passwordHash) {
→ 6         const user = await prisma.usuarios.create(
The table `(not available)` does not exist in the current database.
    at $n.handleRequestError (H:\DataBase\Proyectos\Pagina Web\GroupWalletWeb\node_modules\@prisma\client\runtime\library.js:121:7315)
    at $n.handleAndLogRequestError (H:\DataBase\Proyectos\Pagina Web\GroupWalletWeb\node_modules\@prisma\client\runtime\library.js:121:6623)
    at $n.request (H:\DataBase\Proyectos\Pagina Web\GroupWalletWeb\node_modules\@prisma\client\runtime\library.js:121:6307)
    at async l (H:\DataBase\Proyectos\Pagina Web\GroupWalletWeb\node_modules\@prisma\client\runtime\library.js:130:9633)
    at async UsuarioDAL.create (H:\DataBase\Proyectos\Pagina Web\GroupWalletWeb\Backend\DAL\usuario.dal.js:6:22)
    at async UsuarioBLL.registrar (H:\DataBase\Proyectos\Pagina Web\GroupWalletWeb\Backend\BLL\usuario.bll.js:10:16)
    at async H:\DataBase\Proyectos\Pagina Web\GroupWalletWeb\Backend\Routes\usuario.routes.js:21:20
=========================================
[2026-05-28T22:42:49.159Z] ERROR en [Registro de Usuario POST /registro]:
PrismaClientKnownRequestError: 
Invalid `prisma.usuarios.create()` invocation in
H:\DataBase\Proyectos\Pagina Web\GroupWalletWeb\Backend\DAL\usuario.dal.js:6:44

  3 
  4 class UsuarioDAL {
  5     static async create(nombre, correo, passwordHash) {
→ 6         const user = await prisma.usuarios.create(
The table `(not available)` does not exist in the current database.
    at $n.handleRequestError (H:\DataBase\Proyectos\Pagina Web\GroupWalletWeb\node_modules\@prisma\client\runtime\library.js:121:7315)
    at $n.handleAndLogRequestError (H:\DataBase\Proyectos\Pagina Web\GroupWalletWeb\node_modules\@prisma\client\runtime\library.js:121:6623)
    at $n.request (H:\DataBase\Proyectos\Pagina Web\GroupWalletWeb\node_modules\@prisma\client\runtime\library.js:121:6307)
    at async l (H:\DataBase\Proyectos\Pagina Web\GroupWalletWeb\node_modules\@prisma\client\runtime\library.js:130:9633)
    at async UsuarioDAL.create (H:\DataBase\Proyectos\Pagina Web\GroupWalletWeb\Backend\DAL\usuario.dal.js:6:22)
    at async UsuarioBLL.registrar (H:\DataBase\Proyectos\Pagina Web\GroupWalletWeb\Backend\BLL\usuario.bll.js:10:16)
    at async H:\DataBase\Proyectos\Pagina Web\GroupWalletWeb\Backend\Routes\usuario.routes.js:21:20
=========================================
